<?xml version="1.0" encoding="UTF-8"?>
<!-- Generated by org.testng.reporters.JUnitReportReporter -->
<testsuite skipped="0" hostname="DESKTOP-C4B6720" name="runsuiteforclass.accountManagerex" tests="3" failures="0" timestamp="2022-03-03T13:40:58 IST" time="0.008" errors="0">
  <testcase name="createaccount" time="0.006" classname="runsuiteforclass.accountManagerex"/>
  <system-out/>
  <testcase name="Deleteaccount" time="0.001" classname="runsuiteforclass.accountManagerex"/>
  <system-out/>
  <testcase name="updateaccount" time="0.001" classname="runsuiteforclass.accountManagerex"/>
  <system-out/>
</testsuite> <!-- runsuiteforclass.accountManagerex -->
