<?xml version="1.0" encoding="UTF-8"?>
<!-- Generated by org.testng.reporters.JUnitReportReporter -->
<testsuite skipped="0" hostname="DESKTOP-C4B6720" name="runsuitefortest.AMforqaenviroment" tests="3" failures="0" timestamp="2022-03-03T13:26:12 IST" time="0.008" errors="0">
  <testcase name="createaccount" time="0.005" classname="runsuitefortest.AMforqaenviroment"/>
  <system-out/>
  <testcase name="Deleteaccount" time="0.002" classname="runsuitefortest.AMforqaenviroment"/>
  <system-out/>
  <testcase name="updateaccount" time="0.001" classname="runsuitefortest.AMforqaenviroment"/>
  <system-out/>
</testsuite> <!-- runsuitefortest.AMforqaenviroment -->
