<?xml version="1.0" encoding="UTF-8"?>
<!-- Generated by org.testng.reporters.JUnitReportReporter -->
<testsuite skipped="0" hostname="DESKTOP-C4B6720" name="runsuite.accountManagerex" tests="3" failures="0" timestamp="2022-03-02T19:41:25 IST" time="0.003" errors="0">
  <testcase name="createaccount" time="0.001" classname="runsuite.accountManagerex"/>
  <system-out/>
  <testcase name="Deleteaccount" time="0.001" classname="runsuite.accountManagerex"/>
  <system-out/>
  <testcase name="updateaccount" time="0.001" classname="runsuite.accountManagerex"/>
  <system-out/>
</testsuite> <!-- runsuite.accountManagerex -->
