<?xml version="1.0" encoding="UTF-8"?>
<!-- Generated by org.testng.reporters.JUnitReportReporter -->
<testsuite skipped="0" hostname="DESKTOP-C4B6720" name="runsuiteforclass.usermanagerex" tests="3" failures="0" timestamp="2022-03-03T13:40:58 IST" time="0.007" errors="0">
  <testcase name="createcustomer" time="0.005" classname="runsuiteforclass.usermanagerex"/>
  <system-out/>
  <testcase name="Deletecustomer" time="0.001" classname="runsuiteforclass.usermanagerex"/>
  <system-out/>
  <testcase name="updatecustomer" time="0.001" classname="runsuiteforclass.usermanagerex"/>
  <system-out/>
</testsuite> <!-- runsuiteforclass.usermanagerex -->
