<?xml version="1.0" encoding="UTF-8"?>
<!-- Generated by org.testng.reporters.JUnitReportReporter -->
<testsuite skipped="1" hostname="DESKTOP-C4B6720" name="org.TestNGex.Enableddisable" tests="4" failures="0" timestamp="2022-03-03T13:59:07 IST" time="0.010" errors="0">
  <testcase name="Stidues" time="0.008" classname="org.TestNGex.Enableddisable"/>
  <system-out/>
  <testcase name="customername" time="0.001" classname="org.TestNGex.Enableddisable"/>
  <system-out/>
  <testcase name="mobileno" time="0.001" classname="org.TestNGex.Enableddisable"/>
  <system-out/>
  <testcase name="customerid" classname="org.TestNGex.Enableddisable">
    <skipped/>
  </testcase> <!-- customerid -->
  <system-out/>
</testsuite> <!-- org.TestNGex.Enableddisable -->
