<?xml version="1.0" encoding="UTF-8"?>
<!-- Generated by org.testng.reporters.JUnitReportReporter -->
<testsuite skipped="0" hostname="DESKTOP-C4B6720" name="org.TestNGex.TestNGassikvalue" tests="4" failures="0" timestamp="2022-03-03T13:18:53 IST" time="0.013" errors="0">
  <testcase name="customerid" time="0.009" classname="org.TestNGex.TestNGassikvalue"/>
  <system-out/>
  <testcase name="customername" time="0.001" classname="org.TestNGex.TestNGassikvalue"/>
  <system-out/>
  <testcase name="mobileno" time="0.002" classname="org.TestNGex.TestNGassikvalue"/>
  <system-out/>
  <testcase name="Stidues" time="0.001" classname="org.TestNGex.TestNGassikvalue"/>
  <system-out/>
</testsuite> <!-- org.TestNGex.TestNGassikvalue -->
