<?xml version="1.0" encoding="UTF-8"?>
<!-- Generated by org.testng.reporters.JUnitReportReporter -->
<testsuite skipped="0" hostname="DESKTOP-C4B6720" name="org.TestNGex.Parallelex1" tests="2" failures="0" timestamp="2022-03-03T13:19:53 IST" time="11.011" errors="0">
  <testcase name="loginbyfirebox" time="7.007" classname="org.TestNGex.Parallelex1"/>
  <system-out/>
  <testcase name="loginbychrome" time="4.004" classname="org.TestNGex.Parallelex1"/>
  <system-out/>
</testsuite> <!-- org.TestNGex.Parallelex1 -->
