<?xml version="1.0" encoding="UTF-8"?>
<!-- Generated by org.testng.reporters.JUnitReportReporter -->
<testsuite skipped="0" hostname="DESKTOP-C4B6720" name="runsuite.usermanagerex" tests="3" failures="0" timestamp="2022-03-02T19:45:09 IST" time="0.006" errors="0">
  <testcase name="createcustomer" time="0.004" classname="runsuite.usermanagerex"/>
  <system-out/>
  <testcase name="Deletecustomer" time="0.001" classname="runsuite.usermanagerex"/>
  <system-out/>
  <testcase name="updatecustomer" time="0.001" classname="runsuite.usermanagerex"/>
  <system-out/>
</testsuite> <!-- runsuite.usermanagerex -->
