<?xml version="1.0" encoding="UTF-8"?>
<!-- Generated by org.testng.reporters.JUnitReportReporter -->
<testsuite skipped="0" hostname="DESKTOP-C4B6720" name="org.TestNGex.annotationsacttime" tests="1" failures="0" timestamp="2022-03-03T13:18:53 IST" time="12.416" errors="0">
  <testcase name="verifydeshbord" time="12.416" classname="org.TestNGex.annotationsacttime"/>
  <system-out/>
</testsuite> <!-- org.TestNGex.annotationsacttime -->
