<?xml version="1.0" encoding="UTF-8"?>
<!-- Generated by org.testng.reporters.JUnitReportReporter -->
<testsuite skipped="0" hostname="DESKTOP-C4B6720" name="invocation.Invocationcount" tests="2" failures="0" timestamp="2022-03-02T23:06:30 IST" time="8.451" errors="0">
  <testcase name="Invocationex1" time="4.219" classname="invocation.Invocationcount"/>
  <system-out/>
  <testcase name="Invocationex1" time="4.232" classname="invocation.Invocationcount"/>
  <system-out/>
</testsuite> <!-- invocation.Invocationcount -->
