<?xml version="1.0" encoding="UTF-8"?>
<!-- Generated by org.testng.reporters.JUnitReportReporter -->
<testsuite skipped="0" hostname="DESKTOP-C4B6720" name="org.TestNGex.GroupingtestNG" tests="4" failures="0" timestamp="2022-03-04T17:55:45 IST" time="0.011" errors="0">
  <testcase name="method1" time="0.008" classname="org.TestNGex.GroupingtestNG"/>
  <system-out/>
  <testcase name="method5" time="0.001" classname="org.TestNGex.GroupingtestNG"/>
  <system-out/>
  <testcase name="method2" time="0.001" classname="org.TestNGex.GroupingtestNG"/>
  <system-out/>
  <testcase name="method4" time="0.001" classname="org.TestNGex.GroupingtestNG"/>
  <system-out/>
</testsuite> <!-- org.TestNGex.GroupingtestNG -->
