<?xml version="1.0" encoding="UTF-8"?>
<!-- Generated by org.testng.reporters.JUnitReportReporter -->
<testsuite skipped="0" hostname="DESKTOP-C4B6720" name="org.TestNGex.Ex1" tests="2" failures="0" timestamp="2022-03-03T13:18:53 IST" time="0.018" errors="0">
  <testcase name="test2" time="0.009" classname="org.TestNGex.Ex1"/>
  <system-out/>
  <testcase name="test1" time="0.009" classname="org.TestNGex.Ex1"/>
  <system-out/>
</testsuite> <!-- org.TestNGex.Ex1 -->
